<?xml version="1.0" encoding="UTF-8"?>
<!-- Generated by org.testng.reporters.JUnitXMLReporter -->
<testsuite ignored="4" hostname="ANG-LT-2113" failures="0" tests="1" name="Default test" time="11.206" errors="0" timestamp="2023-07-09T13:58:59 IST">
  <testcase classname="com.qa.angara.base.BaseTest" name="@BeforeTest setup" time="11.079">
    <failure type="com.microsoft.playwright.PlaywrightException" message="Error {
  message=&amp;apos;Navigation failed because page was closed!
=========================== logs ===========================
navigating to &amp;quot;https://frontend.v2.qa.angara.com/&amp;quot;, waiting until &amp;quot;load&amp;quot;
============================================================
  name=&amp;apos;Error
  stack=&amp;apos;Error: Navigation failed because page was closed!
=========================== logs ===========================
navigating to &amp;quot;https://frontend.v2.qa.angara.com/&amp;quot;, waiting until &amp;quot;load&amp;quot;
============================================================
    at C:\Users\RAJATM~1\AppData\Local\Temp\playwright-java-7146502953015275068\package\lib\server\frames.js:491:13
    at async ProgressController.run (C:\Users\RAJATM~1\AppData\Local\Temp\playwright-java-7146502953015275068\package\lib\server\progress.js:92:22)
    at async FrameDispatcher.goto (C:\Users\RAJATM~1\AppData\Local\Temp\playwright-java-7146502953015275068\package\lib\server\dispatchers\frameDispatcher.js:75:103)
    at async DispatcherConnection.dispatch (C:\Users\RAJATM~1\AppData\Local\Temp\playwright-java-7146502953015275068\package\lib\server\dispatchers\dispatcher.js:312:22)
}">
      <![CDATA[com.microsoft.playwright.PlaywrightException: Error {
  message='Navigation failed because page was closed!
=========================== logs ===========================
navigating to "https://frontend.v2.qa.angara.com/", waiting until "load"
============================================================
  name='Error
  stack='Error: Navigation failed because page was closed!
=========================== logs ===========================
navigating to "https://frontend.v2.qa.angara.com/", waiting until "load"
============================================================
    at C:\Users\RAJATM~1\AppData\Local\Temp\playwright-java-7146502953015275068\package\lib\server\frames.js:491:13
    at async ProgressController.run (C:\Users\RAJATM~1\AppData\Local\Temp\playwright-java-7146502953015275068\package\lib\server\progress.js:92:22)
    at async FrameDispatcher.goto (C:\Users\RAJATM~1\AppData\Local\Temp\playwright-java-7146502953015275068\package\lib\server\dispatchers\frameDispatcher.js:75:103)
    at async DispatcherConnection.dispatch (C:\Users\RAJATM~1\AppData\Local\Temp\playwright-java-7146502953015275068\package\lib\server\dispatchers\dispatcher.js:312:22)
}
at com.microsoft.playwright.impl.WaitableResult.get(WaitableResult.java:54)
at com.microsoft.playwright.impl.ChannelOwner.runUntil(ChannelOwner.java:111)
at com.microsoft.playwright.impl.Connection.sendMessage(Connection.java:126)
at com.microsoft.playwright.impl.ChannelOwner.sendMessage(ChannelOwner.java:102)
at com.microsoft.playwright.impl.FrameImpl.navigateImpl(FrameImpl.java:463)
at com.microsoft.playwright.impl.PageImpl.lambda$navigate$45(PageImpl.java:853)
at com.microsoft.playwright.impl.LoggingSupport.withLogging(LoggingSupport.java:47)
at com.microsoft.playwright.impl.ChannelOwner.withLogging(ChannelOwner.java:87)
at com.microsoft.playwright.impl.PageImpl.navigate(PageImpl.java:853)
at com.microsoft.playwright.impl.PageImpl.navigate(PageImpl.java:42)
at com.microsoft.playwright.Page.navigate(Page.java:5264)
at com.qa.angara.factory.PlaywrightFactory.initBrowser(PlaywrightFactory.java:76)
at com.qa.angara.base.BaseTest.setup(BaseTest.java:39)
at java.base/jdk.internal.reflect.NativeMethodAccessorImpl.invoke0(Native Method)
at java.base/jdk.internal.reflect.NativeMethodAccessorImpl.invoke(NativeMethodAccessorImpl.java:77)
at java.base/jdk.internal.reflect.DelegatingMethodAccessorImpl.invoke(DelegatingMethodAccessorImpl.java:43)
at java.base/java.lang.reflect.Method.invoke(Method.java:568)
at org.testng.internal.MethodInvocationHelper.invokeMethod(MethodInvocationHelper.java:133)
at org.testng.internal.MethodInvocationHelper.invokeMethodConsideringTimeout(MethodInvocationHelper.java:62)
at org.testng.internal.ConfigInvoker.invokeConfigurationMethod(ConfigInvoker.java:385)
at org.testng.internal.ConfigInvoker.invokeConfigurations(ConfigInvoker.java:321)
at org.testng.TestRunner.invokeTestConfigurations(TestRunner.java:637)
at org.testng.TestRunner.beforeRun(TestRunner.java:627)
at org.testng.TestRunner.run(TestRunner.java:589)
at org.testng.SuiteRunner.runTest(SuiteRunner.java:377)
at org.testng.SuiteRunner.runSequentially(SuiteRunner.java:371)
at org.testng.SuiteRunner.privateRun(SuiteRunner.java:332)
at org.testng.SuiteRunner.run(SuiteRunner.java:276)
at org.testng.SuiteRunnerWorker.runSuite(SuiteRunnerWorker.java:53)
at org.testng.SuiteRunnerWorker.run(SuiteRunnerWorker.java:96)
at org.testng.TestNG.runSuitesSequentially(TestNG.java:1212)
at org.testng.TestNG.runSuitesLocally(TestNG.java:1134)
at org.testng.TestNG.runSuites(TestNG.java:1063)
at org.testng.TestNG.run(TestNG.java:1031)
at org.testng.remote.AbstractRemoteTestNG.run(AbstractRemoteTestNG.java:115)
at org.testng.remote.RemoteTestNG.initAndRun(RemoteTestNG.java:251)
at org.testng.remote.RemoteTestNG.main(RemoteTestNG.java:77)
Caused by: com.microsoft.playwright.impl.DriverException: Error {
  message='Navigation failed because page was closed!
=========================== logs ===========================
navigating to "https://frontend.v2.qa.angara.com/", waiting until "load"
============================================================
  name='Error
  stack='Error: Navigation failed because page was closed!
=========================== logs ===========================
navigating to "https://frontend.v2.qa.angara.com/", waiting until "load"
============================================================
    at C:\Users\RAJATM~1\AppData\Local\Temp\playwright-java-7146502953015275068\package\lib\server\frames.js:491:13
    at async ProgressController.run (C:\Users\RAJATM~1\AppData\Local\Temp\playwright-java-7146502953015275068\package\lib\server\progress.js:92:22)
    at async FrameDispatcher.goto (C:\Users\RAJATM~1\AppData\Local\Temp\playwright-java-7146502953015275068\package\lib\server\dispatchers\frameDispatcher.js:75:103)
    at async DispatcherConnection.dispatch (C:\Users\RAJATM~1\AppData\Local\Temp\playwright-java-7146502953015275068\package\lib\server\dispatchers\dispatcher.js:312:22)
}
at com.microsoft.playwright.impl.Connection.dispatch(Connection.java:226)
at com.microsoft.playwright.impl.Connection.processOneMessage(Connection.java:206)
at com.microsoft.playwright.impl.ChannelOwner.runUntil(ChannelOwner.java:109)
... 35 more
]]>
    </failure>
  </testcase> <!-- @BeforeTest setup -->
  <testcase classname="com.qa.angara.tests.ProductPageTest" name="productPageCartButtonTest" time="0.0">
    <skipped/>
  </testcase> <!-- productPageCartButtonTest -->
  <testcase classname="com.qa.angara.tests.ProductPageTest" name="productPageCustomization" time="0.0">
    <ignored/>
  </testcase> <!-- productPageCustomization -->
  <testcase classname="com.qa.angara.tests.ProductPageTest" name="productPageNavTest" time="0.0">
    <ignored/>
  </testcase> <!-- productPageNavTest -->
  <testcase classname="com.qa.angara.tests.ProductPageTest" name="productPageUrlTest" time="0.0">
    <ignored/>
  </testcase> <!-- productPageUrlTest -->
  <testcase classname="com.qa.angara.tests.ProductPageTest" name="productPageTitleTest" time="0.0">
    <ignored/>
  </testcase> <!-- productPageTitleTest -->
</testsuite> <!-- Default test -->
